<?xml version="1.0" encoding="UTF-8"?>
<!-- Generated by org.testng.reporters.JUnitReportReporter -->
<testsuite skipped="0" hostname="NISHANT" name="basicWeb.DatabaseTesting" tests="1" failures="0" timestamp="18 Aug 2017 01:32:49 GMT" time="0.034" errors="0">
  <testcase name="test" time="0.034" classname="basicWeb.DatabaseTesting"/>
</testsuite> <!-- basicWeb.DatabaseTesting -->
