<?xml version="1.0" encoding="UTF-8"?>
<!-- Generated by org.testng.reporters.JUnitReportReporter -->
<testsuite skipped="0" hostname="NISHANT" name="basicWeb.FileUploadAutoIT" tests="1" failures="0" timestamp="14 Aug 2017 15:56:36 GMT" time="30.163" errors="0">
  <testcase name="fileUpload" time="30.163" classname="basicWeb.FileUploadAutoIT"/>
</testsuite> <!-- basicWeb.FileUploadAutoIT -->
