<?xml version="1.0" encoding="UTF-8"?>
<!-- Generated by org.testng.reporters.JUnitReportReporter -->
<testsuite skipped="0" hostname="NISHANT" name="testng_selenium_logintest.TestNG_SeleniumTestLogin" tests="2" failures="0" timestamp="08 Aug 2017 01:49:46 GMT" time="19.408" errors="0">
  <testcase name="testLogin" time="9.885" classname="testng_selenium_logintest.TestNG_SeleniumTestLogin"/>
  <testcase name="testLogin" time="9.523" classname="testng_selenium_logintest.TestNG_SeleniumTestLogin"/>
</testsuite> <!-- testng_selenium_logintest.TestNG_SeleniumTestLogin -->
