<?xml version="1.0" encoding="UTF-8"?>
<!-- Generated by org.testng.reporters.JUnitReportReporter -->
<testsuite skipped="0" hostname="NISHANT" name="extentreports.LoginTest" tests="1" failures="0" timestamp="08 Aug 2017 01:23:49 GMT" time="9.226" errors="0">
  <testcase name="test1_validLoginTest" time="9.226" classname="extentreports.LoginTest"/>
</testsuite> <!-- extentreports.LoginTest -->
