<?xml version="1.0" encoding="UTF-8"?>
<!-- Generated by org.testng.reporters.JUnitReportReporter -->
<testsuite skipped="0" hostname="NISHANT" name="basicWeb.FileUpload" tests="1" failures="0" timestamp="23 Aug 2017 01:06:02 GMT" time="31.407" errors="0">
  <testcase name="fileUpload" time="31.407" classname="basicWeb.FileUpload"/>
</testsuite> <!-- basicWeb.FileUpload -->
