<?xml version="1.0" encoding="UTF-8"?>
<!-- Generated by org.testng.reporters.JUnitReportReporter -->
<testsuite skipped="0" hostname="NISHANT" name="basicWeb.FileUpload" tests="1" failures="0" timestamp="14 Aug 2017 04:15:22 GMT" time="28.438" errors="0">
  <testcase name="fileUpload" time="28.438" classname="basicWeb.FileUpload"/>
</testsuite> <!-- basicWeb.FileUpload -->
