<?xml version="1.0" encoding="UTF-8"?>
<!-- Generated by org.testng.reporters.JUnitReportReporter -->
<testsuite skipped="0" hostname="NISHANT" name="performance_test.PerformanceTesting" tests="1" failures="0" timestamp="18 Aug 2017 22:27:34 GMT" time="22.215" errors="0">
  <testcase name="searchFlight" time="22.215" classname="performance_test.PerformanceTesting"/>
</testsuite> <!-- performance_test.PerformanceTesting -->
