<?xml version="1.0" encoding="UTF-8"?>
<!-- Generated by org.testng.reporters.JUnitReportReporter -->
<testsuite skipped="0" hostname="NISHANT" name="basicWeb.HandleAuthenticationAutoIT" tests="1" failures="0" timestamp="14 Aug 2017 16:35:49 GMT" time="0.576" errors="0">
  <testcase name="HandleAuthentication" time="0.576" classname="basicWeb.HandleAuthenticationAutoIT"/>
</testsuite> <!-- basicWeb.HandleAuthenticationAutoIT -->
