<?xml version="1.0" encoding="UTF-8"?>
<!-- Generated by org.testng.reporters.JUnitReportReporter -->
<testsuite skipped="0" hostname="NISHANT" name="page.classes.SeleniumGrid_ParallelTestFramework" tests="2" failures="0" timestamp="15 Aug 2017 03:51:18 GMT" time="149.430" errors="0">
  <testcase name="SearchFlights" time="76.588" classname="page.classes.SeleniumGrid_ParallelTestFramework"/>
  <testcase name="SearchFlights" time="72.842" classname="page.classes.SeleniumGrid_ParallelTestFramework"/>
</testsuite> <!-- page.classes.SeleniumGrid_ParallelTestFramework -->
