<?xml version="1.0" encoding="UTF-8"?>
<!-- Generated by org.testng.reporters.JUnitReportReporter -->
<testsuite skipped="0" hostname="NISHANT" name="datadriven.UsingExcel_SingleDataSet" tests="1" failures="0" timestamp="08 Aug 2017 16:22:50 GMT" time="9.625" errors="0">
  <testcase name="testUsingExcel" time="9.625" classname="datadriven.UsingExcel_SingleDataSet"/>
</testsuite> <!-- datadriven.UsingExcel_SingleDataSet -->
