<?xml version="1.0" encoding="UTF-8"?>
<!-- Generated by org.testng.reporters.JUnitReportReporter -->
<testsuite skipped="0" hostname="NISHANT" name="extentreports.Test1" tests="1" failures="0" timestamp="07 Aug 2017 23:33:50 GMT" time="17.621" errors="0">
  <testcase name="test1_validLoginTest" time="17.621" classname="extentreports.Test1"/>
</testsuite> <!-- extentreports.Test1 -->
