<?xml version="1.0" encoding="UTF-8"?>
<!-- Generated by org.testng.reporters.JUnitReportReporter -->
<testsuite skipped="0" hostname="NISHANT" name="extentreports.Test2" tests="1" failures="0" timestamp="07 Aug 2017 23:33:50 GMT" time="0.016" errors="0">
  <testcase name="testMethod" time="0.016" classname="extentreports.Test2"/>
</testsuite> <!-- extentreports.Test2 -->
