<?xml version="1.0" encoding="UTF-8"?>
<!-- Generated by org.testng.reporters.JUnitReportReporter -->
<testsuite skipped="0" hostname="NISHANT" name="datadriven.UsingExcel" tests="2" failures="0" timestamp="08 Aug 2017 15:35:58 GMT" time="18.732" errors="0">
  <testcase name="testUsingExcel" time="10.291" classname="datadriven.UsingExcel"/>
  <testcase name="testUsingExcel" time="8.441" classname="datadriven.UsingExcel"/>
</testsuite> <!-- datadriven.UsingExcel -->
