<?xml version="1.0" encoding="UTF-8"?>
<!-- Generated by org.testng.reporters.JUnitReportReporter -->
<testsuite skipped="0" hostname="NISHANT" name="extentreports.SeleniumLoginTest" tests="1" failures="0" timestamp="07 Aug 2017 22:58:46 GMT" time="8.032" errors="0">
  <testcase name="test1_validLoginTest" time="8.032" classname="extentreports.SeleniumLoginTest"/>
</testsuite> <!-- extentreports.SeleniumLoginTest -->
