<?xml version="1.0" encoding="UTF-8"?>
<!-- Generated by org.testng.reporters.JUnitReportReporter -->
<testsuite skipped="0" hostname="NISHANT" name="page.classes.SeleniumGrid_ParallelTest" tests="1" failures="0" timestamp="15 Aug 2017 02:28:38 GMT" time="37.198" errors="0">
  <testcase name="SearchFlights" time="37.198" classname="page.classes.SeleniumGrid_ParallelTest"/>
</testsuite> <!-- page.classes.SeleniumGrid_ParallelTest -->
