<?xml version="1.0" encoding="UTF-8"?>
<!-- Generated by org.testng.reporters.JUnitReportReporter -->
<testsuite skipped="0" hostname="NISHANT" name="page.classes.FrameWorkTestCase" tests="1" failures="0" timestamp="17 Aug 2017 03:58:37 GMT" time="106.321" errors="0">
  <testcase name="test" time="106.321" classname="page.classes.FrameWorkTestCase"/>
</testsuite> <!-- page.classes.FrameWorkTestCase -->
